<?xml version="1.0" encoding="UTF-8"?>
<testsuite name="inkball.SampleTest" tests="1" skipped="0" failures="0" errors="0" timestamp="2024-10-07T07:05:18" hostname="Parass-MacBook-Pro.local" time="0.008">
  <properties/>
  <testcase name="simpleTest()" classname="inkball.SampleTest" time="0.008"/>
  <system-out><![CDATA[]]></system-out>
  <system-err><![CDATA[]]></system-err>
</testsuite>
